{"numFailedTestSuites":0,"numFailedTests":0,"numPassedTestSuites":1,"numPassedTests":1,"numPendingTestSuites":0,"numPendingTests":0,"numRuntimeErrorTestSuites":0,"numTodoTests":0,"numTotalTestSuites":1,"numTotalTests":1,"openHandles":[],"snapshot":{"added":0,"didUpdate":false,"failure":false,"filesAdded":0,"filesRemoved":0,"filesRemovedList":[],"filesUnmatched":0,"filesUpdated":0,"matched":0,"total":0,"unchecked":0,"uncheckedKeysByFile":[],"unmatched":0,"updated":0},"startTime":1622640772362,"success":true,"testResults":[{"assertionResults":[{"ancestorTitles":[],"failureMessages":[],"fullName":"adds 1 + 2 to equal 3","location":null,"status":"passed","title":"adds 1 + 2 to equal 3"}],"endTime":1622640772660,"message":"","name":"D:\\Dev\\Work\\fork\\.github\\.github\\actions\\add-gif\\index.test.js","startTime":1622640772418,"status":"passed","summary":""}],"wasInterrupted":false}